<?xml version="1.0" encoding="UTF-8"?>
<!-- Generated by org.testng.reporters.JUnitReportReporter -->
<testsuite hostname="MSI-Modern-A5M" failures="0" tests="1" name="handle_web_element.TC04_SelectTag_DropDown" time="13.230" errors="0" timestamp="2023-01-21T22:07:54 BDT" skipped="0">
  <testcase classname="handle_web_element.TC04_SelectTag_DropDown" name="testRadioButton" time="13.230"/>
  <system-out/>
</testsuite> <!-- handle_web_element.TC04_SelectTag_DropDown -->
