<?xml version="1.0" encoding="UTF-8"?>
<!-- Generated by org.testng.reporters.JUnitReportReporter -->
<testsuite hostname="MSI-Modern-A5M" failures="0" tests="1" name="Locator.Locator_learning_Advance" time="7.515" errors="0" timestamp="2023-01-15T02:54:37 BDT" skipped="0">
  <testcase classname="Locator.Locator_learning_Advance" name="LocateDropDownByCssSelecotorStartsWithSubStringAttribute" time="7.515"/>
  <system-out/>
</testsuite> <!-- Locator.Locator_learning_Advance -->
