<?xml version="1.0" encoding="UTF-8"?>
<!-- Generated by org.testng.reporters.JUnitReportReporter -->
<testsuite hostname="MSI-Modern-A5M" failures="0" tests="1" name="handle_web_element.TC03_iFrameCheckBoxRadioButton" time="9.447" errors="0" timestamp="2023-01-23T23:07:19 BDT" skipped="0">
  <testcase classname="handle_web_element.TC03_iFrameCheckBoxRadioButton" name="testRadioButton" time="9.447"/>
  <system-out/>
</testsuite> <!-- handle_web_element.TC03_iFrameCheckBoxRadioButton -->
