<?xml version="1.0" encoding="UTF-8"?>
<!-- Generated by org.testng.reporters.JUnitReportReporter -->
<testsuite hostname="MSI-Modern-A5M" failures="0" tests="1" name="handle_web_element.TC02_handle_web_element" time="14.796" errors="0" timestamp="2023-01-20T22:32:10 BDT" skipped="0">
  <testcase classname="handle_web_element.TC02_handle_web_element" name="dandleBrowserWindow" time="14.796"/>
  <system-out/>
</testsuite> <!-- handle_web_element.TC02_handle_web_element -->
