<?xml version="1.0" encoding="UTF-8"?>
<!-- Generated by org.testng.reporters.JUnitReportReporter -->
<testsuite hostname="MSI-Modern-A5M" failures="0" tests="1" name="Locator.MyFirstTest" time="20.779" errors="0" timestamp="2023-01-14T15:15:06 BDT" skipped="0">
  <testcase classname="Locator.MyFirstTest" name="searchBoxTesting" time="20.779"/>
  <system-out/>
</testsuite> <!-- Locator.MyFirstTest -->
