<?xml version="1.0" encoding="UTF-8"?>
<!-- Generated by org.testng.reporters.JUnitReportReporter -->
<testsuite hostname="MSI-Modern-A5M" failures="0" tests="1" name="Locator.TabAndWindowHandler" time="61.572" errors="0" timestamp="2023-01-22T00:06:22 BDT" skipped="0">
  <testcase classname="Locator.TabAndWindowHandler" name="newTab" time="61.572"/>
  <system-out/>
</testsuite> <!-- Locator.TabAndWindowHandler -->
