<?xml version="1.0" encoding="UTF-8"?>
<!-- Generated by org.testng.reporters.JUnitReportReporter -->
<testsuite hostname="MSI-Modern-A5M" failures="0" tests="1" name="Locator.fullAutomationWithAllLocator" time="30.197" errors="0" timestamp="2023-01-21T18:47:14 BDT" skipped="0">
  <testcase classname="Locator.fullAutomationWithAllLocator" name="PixelSearch" time="30.197"/>
  <system-out/>
</testsuite> <!-- Locator.fullAutomationWithAllLocator -->
